23:55:22,699 (main) INFO  [DataNucleus.Enhancer] - DataNucleus Enhancer (version 3.2.7) for API "JPA" using JRE "1.7"
00:10:31,683 (main) INFO  [DataNucleus.Enhancer] - DataNucleus Enhancer (version 3.2.7) for API "JPA" using JRE "1.7"
00:10:32,036 (main) INFO  [DataNucleus.Enhancer] - Writing class file "D:\DEV\workspace\NetBeansProjects\java-experiments\data-importer-sample\symbology-importer-datanucleus\target\classes\com\gmanalytics\symbology\persistence\entities\ApEquitie.class" with enhanced definition
00:10:32,046 (main) INFO  [DataNucleus.Enhancer] - Writing class file "D:\DEV\workspace\NetBeansProjects\java-experiments\data-importer-sample\symbology-importer-datanucleus\target\classes\com\gmanalytics\symbology\persistence\entities\CadEquitie.class" with enhanced definition
00:10:32,057 (main) INFO  [DataNucleus.Enhancer] - Writing class file "D:\DEV\workspace\NetBeansProjects\java-experiments\data-importer-sample\symbology-importer-datanucleus\target\classes\com\gmanalytics\symbology\persistence\entities\UsOption.class" with enhanced definition
00:10:32,069 (main) INFO  [DataNucleus.Enhancer] - Writing class file "D:\DEV\workspace\NetBeansProjects\java-experiments\data-importer-sample\symbology-importer-datanucleus\target\classes\com\gmanalytics\symbology\persistence\entities\ApFuture.class" with enhanced definition
00:10:32,090 (main) INFO  [DataNucleus.Enhancer] - Writing class file "D:\DEV\workspace\NetBeansProjects\java-experiments\data-importer-sample\symbology-importer-datanucleus\target\classes\com\gmanalytics\symbology\persistence\entities\Current.class" with enhanced definition
00:10:32,098 (main) INFO  [DataNucleus.Enhancer] - Writing class file "D:\DEV\workspace\NetBeansProjects\java-experiments\data-importer-sample\symbology-importer-datanucleus\target\classes\com\gmanalytics\symbology\persistence\entities\UsEquitie.class" with enhanced definition
00:10:32,106 (main) INFO  [DataNucleus.Enhancer] - Writing class file "D:\DEV\workspace\NetBeansProjects\java-experiments\data-importer-sample\symbology-importer-datanucleus\target\classes\com\gmanalytics\symbology\persistence\entities\UsIndex.class" with enhanced definition
00:10:32,115 (main) INFO  [DataNucleus.Enhancer] - Writing class file "D:\DEV\workspace\NetBeansProjects\java-experiments\data-importer-sample\symbology-importer-datanucleus\target\classes\com\gmanalytics\symbology\persistence\entities\EuEquitie.class" with enhanced definition
00:10:32,123 (main) INFO  [DataNucleus.Enhancer] - Writing class file "D:\DEV\workspace\NetBeansProjects\java-experiments\data-importer-sample\symbology-importer-datanucleus\target\classes\com\gmanalytics\symbology\persistence\entities\EuFuture.class" with enhanced definition
00:10:32,129 (main) INFO  [DataNucleus.Enhancer] - Writing class file "D:\DEV\workspace\NetBeansProjects\java-experiments\data-importer-sample\symbology-importer-datanucleus\target\classes\com\gmanalytics\symbology\persistence\entities\Fx.class" with enhanced definition
00:10:32,135 (main) INFO  [DataNucleus.Enhancer] - Writing class file "D:\DEV\workspace\NetBeansProjects\java-experiments\data-importer-sample\symbology-importer-datanucleus\target\classes\com\gmanalytics\symbology\persistence\entities\Symbol.class" with enhanced definition
00:10:32,144 (main) INFO  [DataNucleus.Enhancer] - Writing class file "D:\DEV\workspace\NetBeansProjects\java-experiments\data-importer-sample\symbology-importer-datanucleus\target\classes\com\gmanalytics\symbology\persistence\entities\UsFutureOption.class" with enhanced definition
00:10:32,153 (main) INFO  [DataNucleus.Enhancer] - Writing class file "D:\DEV\workspace\NetBeansProjects\java-experiments\data-importer-sample\symbology-importer-datanucleus\target\classes\com\gmanalytics\symbology\persistence\entities\UsFuture.class" with enhanced definition
00:10:32,154 (main) INFO  [DataNucleus.Enhancer] - DataNucleus Enhancer completed with success for 13 classes.
00:25:48,085 (main) INFO  [DataNucleus.Enhancer] - DataNucleus Enhancer (version 3.2.7) for API "JPA" using JRE "1.7"
00:25:48,429 (main) INFO  [DataNucleus.Enhancer] - Writing class file "D:\DEV\workspace\NetBeansProjects\java-experiments\data-importer-sample\symbology-importer-datanucleus\target\classes\com\gmanalytics\symbology\persistence\entities\ApEquitie.class" with enhanced definition
00:25:48,439 (main) INFO  [DataNucleus.Enhancer] - Writing class file "D:\DEV\workspace\NetBeansProjects\java-experiments\data-importer-sample\symbology-importer-datanucleus\target\classes\com\gmanalytics\symbology\persistence\entities\CadEquitie.class" with enhanced definition
00:25:48,450 (main) INFO  [DataNucleus.Enhancer] - Writing class file "D:\DEV\workspace\NetBeansProjects\java-experiments\data-importer-sample\symbology-importer-datanucleus\target\classes\com\gmanalytics\symbology\persistence\entities\UsOption.class" with enhanced definition
00:25:48,461 (main) INFO  [DataNucleus.Enhancer] - Writing class file "D:\DEV\workspace\NetBeansProjects\java-experiments\data-importer-sample\symbology-importer-datanucleus\target\classes\com\gmanalytics\symbology\persistence\entities\ApFuture.class" with enhanced definition
00:25:48,482 (main) INFO  [DataNucleus.Enhancer] - Writing class file "D:\DEV\workspace\NetBeansProjects\java-experiments\data-importer-sample\symbology-importer-datanucleus\target\classes\com\gmanalytics\symbology\persistence\entities\Current.class" with enhanced definition
00:25:48,489 (main) INFO  [DataNucleus.Enhancer] - Writing class file "D:\DEV\workspace\NetBeansProjects\java-experiments\data-importer-sample\symbology-importer-datanucleus\target\classes\com\gmanalytics\symbology\persistence\entities\UsEquitie.class" with enhanced definition
00:25:48,497 (main) INFO  [DataNucleus.Enhancer] - Writing class file "D:\DEV\workspace\NetBeansProjects\java-experiments\data-importer-sample\symbology-importer-datanucleus\target\classes\com\gmanalytics\symbology\persistence\entities\UsIndex.class" with enhanced definition
00:25:48,505 (main) INFO  [DataNucleus.Enhancer] - Writing class file "D:\DEV\workspace\NetBeansProjects\java-experiments\data-importer-sample\symbology-importer-datanucleus\target\classes\com\gmanalytics\symbology\persistence\entities\EuEquitie.class" with enhanced definition
00:25:48,514 (main) INFO  [DataNucleus.Enhancer] - Writing class file "D:\DEV\workspace\NetBeansProjects\java-experiments\data-importer-sample\symbology-importer-datanucleus\target\classes\com\gmanalytics\symbology\persistence\entities\EuFuture.class" with enhanced definition
00:25:48,520 (main) INFO  [DataNucleus.Enhancer] - Writing class file "D:\DEV\workspace\NetBeansProjects\java-experiments\data-importer-sample\symbology-importer-datanucleus\target\classes\com\gmanalytics\symbology\persistence\entities\Fx.class" with enhanced definition
00:25:48,525 (main) INFO  [DataNucleus.Enhancer] - Writing class file "D:\DEV\workspace\NetBeansProjects\java-experiments\data-importer-sample\symbology-importer-datanucleus\target\classes\com\gmanalytics\symbology\persistence\entities\Symbol.class" with enhanced definition
00:25:48,534 (main) INFO  [DataNucleus.Enhancer] - Writing class file "D:\DEV\workspace\NetBeansProjects\java-experiments\data-importer-sample\symbology-importer-datanucleus\target\classes\com\gmanalytics\symbology\persistence\entities\UsFutureOption.class" with enhanced definition
00:25:48,542 (main) INFO  [DataNucleus.Enhancer] - Writing class file "D:\DEV\workspace\NetBeansProjects\java-experiments\data-importer-sample\symbology-importer-datanucleus\target\classes\com\gmanalytics\symbology\persistence\entities\UsFuture.class" with enhanced definition
00:25:48,543 (main) INFO  [DataNucleus.Enhancer] - DataNucleus Enhancer completed with success for 13 classes.
01:57:27,120 (main) INFO  [DataNucleus.Enhancer] - DataNucleus Enhancer (version 3.2.7) for API "JPA" using JRE "1.7"
01:57:27,567 (main) INFO  [DataNucleus.Enhancer] - Writing class file "D:\DEV\workspace\NetBeansProjects\java-experiments\various-projects\data-importer-sample\symbology-importer-datanucleus\target\classes\com\gmanalytics\symbology\persistence\entities\ApEquitie.class" with enhanced definition
01:57:27,577 (main) INFO  [DataNucleus.Enhancer] - Writing class file "D:\DEV\workspace\NetBeansProjects\java-experiments\various-projects\data-importer-sample\symbology-importer-datanucleus\target\classes\com\gmanalytics\symbology\persistence\entities\CadEquitie.class" with enhanced definition
01:57:27,588 (main) INFO  [DataNucleus.Enhancer] - Writing class file "D:\DEV\workspace\NetBeansProjects\java-experiments\various-projects\data-importer-sample\symbology-importer-datanucleus\target\classes\com\gmanalytics\symbology\persistence\entities\UsOption.class" with enhanced definition
01:57:27,599 (main) INFO  [DataNucleus.Enhancer] - Writing class file "D:\DEV\workspace\NetBeansProjects\java-experiments\various-projects\data-importer-sample\symbology-importer-datanucleus\target\classes\com\gmanalytics\symbology\persistence\entities\ApFuture.class" with enhanced definition
01:57:27,620 (main) INFO  [DataNucleus.Enhancer] - Writing class file "D:\DEV\workspace\NetBeansProjects\java-experiments\various-projects\data-importer-sample\symbology-importer-datanucleus\target\classes\com\gmanalytics\symbology\persistence\entities\Current.class" with enhanced definition
01:57:27,627 (main) INFO  [DataNucleus.Enhancer] - Writing class file "D:\DEV\workspace\NetBeansProjects\java-experiments\various-projects\data-importer-sample\symbology-importer-datanucleus\target\classes\com\gmanalytics\symbology\persistence\entities\UsEquitie.class" with enhanced definition
01:57:27,634 (main) INFO  [DataNucleus.Enhancer] - Writing class file "D:\DEV\workspace\NetBeansProjects\java-experiments\various-projects\data-importer-sample\symbology-importer-datanucleus\target\classes\com\gmanalytics\symbology\persistence\entities\UsIndex.class" with enhanced definition
01:57:27,643 (main) INFO  [DataNucleus.Enhancer] - Writing class file "D:\DEV\workspace\NetBeansProjects\java-experiments\various-projects\data-importer-sample\symbology-importer-datanucleus\target\classes\com\gmanalytics\symbology\persistence\entities\EuEquitie.class" with enhanced definition
01:57:27,651 (main) INFO  [DataNucleus.Enhancer] - Writing class file "D:\DEV\workspace\NetBeansProjects\java-experiments\various-projects\data-importer-sample\symbology-importer-datanucleus\target\classes\com\gmanalytics\symbology\persistence\entities\EuFuture.class" with enhanced definition
01:57:27,658 (main) INFO  [DataNucleus.Enhancer] - Writing class file "D:\DEV\workspace\NetBeansProjects\java-experiments\various-projects\data-importer-sample\symbology-importer-datanucleus\target\classes\com\gmanalytics\symbology\persistence\entities\Fx.class" with enhanced definition
01:57:27,663 (main) INFO  [DataNucleus.Enhancer] - Writing class file "D:\DEV\workspace\NetBeansProjects\java-experiments\various-projects\data-importer-sample\symbology-importer-datanucleus\target\classes\com\gmanalytics\symbology\persistence\entities\Symbol.class" with enhanced definition
01:57:27,672 (main) INFO  [DataNucleus.Enhancer] - Writing class file "D:\DEV\workspace\NetBeansProjects\java-experiments\various-projects\data-importer-sample\symbology-importer-datanucleus\target\classes\com\gmanalytics\symbology\persistence\entities\UsFutureOption.class" with enhanced definition
01:57:27,680 (main) INFO  [DataNucleus.Enhancer] - Writing class file "D:\DEV\workspace\NetBeansProjects\java-experiments\various-projects\data-importer-sample\symbology-importer-datanucleus\target\classes\com\gmanalytics\symbology\persistence\entities\UsFuture.class" with enhanced definition
01:57:27,681 (main) INFO  [DataNucleus.Enhancer] - DataNucleus Enhancer completed with success for 13 classes.
02:07:09,535 (main) INFO  [DataNucleus.Enhancer] - DataNucleus Enhancer (version 3.2.7) for API "JPA" using JRE "1.7"
02:07:09,892 (main) INFO  [DataNucleus.Enhancer] - Writing class file "D:\DEV\workspace\NetBeansProjects\java-experiments\various-projects\data-importer-sample\symbology-importer-datanucleus\target\classes\com\gmanalytics\symbology\persistence\entities\ApEquitie.class" with enhanced definition
02:07:09,901 (main) INFO  [DataNucleus.Enhancer] - Writing class file "D:\DEV\workspace\NetBeansProjects\java-experiments\various-projects\data-importer-sample\symbology-importer-datanucleus\target\classes\com\gmanalytics\symbology\persistence\entities\CadEquitie.class" with enhanced definition
02:07:09,912 (main) INFO  [DataNucleus.Enhancer] - Writing class file "D:\DEV\workspace\NetBeansProjects\java-experiments\various-projects\data-importer-sample\symbology-importer-datanucleus\target\classes\com\gmanalytics\symbology\persistence\entities\UsOption.class" with enhanced definition
02:07:09,924 (main) INFO  [DataNucleus.Enhancer] - Writing class file "D:\DEV\workspace\NetBeansProjects\java-experiments\various-projects\data-importer-sample\symbology-importer-datanucleus\target\classes\com\gmanalytics\symbology\persistence\entities\ApFuture.class" with enhanced definition
02:07:09,944 (main) INFO  [DataNucleus.Enhancer] - Writing class file "D:\DEV\workspace\NetBeansProjects\java-experiments\various-projects\data-importer-sample\symbology-importer-datanucleus\target\classes\com\gmanalytics\symbology\persistence\entities\Current.class" with enhanced definition
02:07:09,951 (main) INFO  [DataNucleus.Enhancer] - Writing class file "D:\DEV\workspace\NetBeansProjects\java-experiments\various-projects\data-importer-sample\symbology-importer-datanucleus\target\classes\com\gmanalytics\symbology\persistence\entities\UsEquitie.class" with enhanced definition
02:07:09,959 (main) INFO  [DataNucleus.Enhancer] - Writing class file "D:\DEV\workspace\NetBeansProjects\java-experiments\various-projects\data-importer-sample\symbology-importer-datanucleus\target\classes\com\gmanalytics\symbology\persistence\entities\UsIndex.class" with enhanced definition
02:07:09,967 (main) INFO  [DataNucleus.Enhancer] - Writing class file "D:\DEV\workspace\NetBeansProjects\java-experiments\various-projects\data-importer-sample\symbology-importer-datanucleus\target\classes\com\gmanalytics\symbology\persistence\entities\EuEquitie.class" with enhanced definition
02:07:09,975 (main) INFO  [DataNucleus.Enhancer] - Writing class file "D:\DEV\workspace\NetBeansProjects\java-experiments\various-projects\data-importer-sample\symbology-importer-datanucleus\target\classes\com\gmanalytics\symbology\persistence\entities\EuFuture.class" with enhanced definition
02:07:09,982 (main) INFO  [DataNucleus.Enhancer] - Writing class file "D:\DEV\workspace\NetBeansProjects\java-experiments\various-projects\data-importer-sample\symbology-importer-datanucleus\target\classes\com\gmanalytics\symbology\persistence\entities\Fx.class" with enhanced definition
02:07:09,987 (main) INFO  [DataNucleus.Enhancer] - Writing class file "D:\DEV\workspace\NetBeansProjects\java-experiments\various-projects\data-importer-sample\symbology-importer-datanucleus\target\classes\com\gmanalytics\symbology\persistence\entities\Symbol.class" with enhanced definition
02:07:09,996 (main) INFO  [DataNucleus.Enhancer] - Writing class file "D:\DEV\workspace\NetBeansProjects\java-experiments\various-projects\data-importer-sample\symbology-importer-datanucleus\target\classes\com\gmanalytics\symbology\persistence\entities\UsFutureOption.class" with enhanced definition
02:07:10,004 (main) INFO  [DataNucleus.Enhancer] - Writing class file "D:\DEV\workspace\NetBeansProjects\java-experiments\various-projects\data-importer-sample\symbology-importer-datanucleus\target\classes\com\gmanalytics\symbology\persistence\entities\UsFuture.class" with enhanced definition
02:07:10,005 (main) INFO  [DataNucleus.Enhancer] - DataNucleus Enhancer completed with success for 13 classes.
